#
# There is insufficient memory for the Java Runtime Environment to continue.
# Native memory allocation (malloc) failed to allocate 349616 bytes. Error detail: Chunk::new
# Possible reasons:
#   The system is out of physical RAM or swap space
#   This process is running with CompressedOops enabled, and the Java Heap may be blocking the growth of the native heap
# Possible solutions:
#   Reduce memory load on the system
#   Increase physical memory or swap space
#   Check if swap backing store is full
#   Decrease Java heap size (-Xmx/-Xms)
#   Decrease number of Java threads
#   Decrease Java thread stack sizes (-Xss)
#   Set larger code cache with -XX:ReservedCodeCacheSize=
#   JVM is running with Unscaled Compressed Oops mode in which the Java heap is
#     placed in the first 4GB address space. The Java Heap base address is the
#     maximum limit for the native heap growth. Please use -XX:HeapBaseMinAddress
#     to set the Java Heap base and to place the Java Heap above 4GB virtual address.
# This output file may be truncated or incomplete.
#
#  Out of Memory Error (arena.cpp:168), pid=18356, tid=30896
#
# JRE version: OpenJDK Runtime Environment Temurin-21.0.10+7 (21.0.10+7) (build 21.0.10+7-LTS)
# Java VM: OpenJDK 64-Bit Server VM Temurin-21.0.10+7 (21.0.10+7-LTS, mixed mode, sharing, tiered, compressed oops, compressed class ptrs, parallel gc, windows-amd64)
# No core dump will be written. Minidumps are not enabled by default on client versions of Windows
#

---------------  S U M M A R Y ------------

Command Line: --add-modules=ALL-SYSTEM --add-opens=java.base/java.util=ALL-UNNAMED --add-opens=java.base/java.lang=ALL-UNNAMED --add-opens=java.base/sun.nio.fs=ALL-UNNAMED -Declipse.application=org.eclipse.jdt.ls.core.id1 -Dosgi.bundles.defaultStartLevel=4 -Declipse.product=org.eclipse.jdt.ls.core.product -Djava.import.generatesMetadataFilesAtProjectRoot=false -DDetectVMInstallationsJob.disabled=true -Dfile.encoding=utf8 -XX:+UseParallelGC -XX:GCTimeRatio=4 -XX:AdaptiveSizePolicyWeight=90 -Dsun.zip.disableMemoryMapping=true -Xmx2G -Xms100m -Xlog:disable -javaagent:c:\Users\RK\.vscode\extensions\redhat.java-1.54.0-win32-x64\lombok\lombok-1.18.39-4050.jar c:\Users\RK\.vscode\extensions\redhat.java-1.54.0-win32-x64\server\plugins\org.eclipse.equinox.launcher_1.7.100.v20251111-0406.jar -configuration c:\Users\RK\AppData\Roaming\Code\User\globalStorage\redhat.java\1.54.0\config_ss_win -data c:\Users\RK\AppData\Roaming\Code\User\workspaceStorage\d4f739664bc2935720a59c77d6c0e2f6\redhat.java\ss_ws --pipe=\\.\pipe\lsp-a71a07e7e9a9933a6568bddaee701957-sock

Host: Intel(R) Core(TM) i5-10300H CPU @ 2.50GHz, 8 cores, 15G,  Windows 11 , 64 bit Build 26100 (10.0.26100.8521)
Time: Wed Jun 10 12:03:30 2026 India Standard Time elapsed time: 1.188467 seconds (0d 0h 0m 1s)

---------------  T H R E A D  ---------------

Current thread (0x0000029144a1e330):  JavaThread "C2 CompilerThread0" daemon [_thread_in_native, id=30896, stack(0x000000bf4a700000,0x000000bf4a800000) (1024K)]


Current CompileTask:
C2:1188 1345       4       lombok.launch.PackageShader::apply (252 bytes)

Stack: [0x000000bf4a700000,0x000000bf4a800000]
Native frames: (J=compiled Java code, j=interpreted, Vv=VM code, C=native code)
V  [jvm.dll+0x6d7a39]
V  [jvm.dll+0x8b4b26]
V  [jvm.dll+0x8b70de]
V  [jvm.dll+0x8b77c3]
V  [jvm.dll+0x284346]
V  [jvm.dll+0xc66ed]
V  [jvm.dll+0xc6c31]
V  [jvm.dll+0x3bec01]
V  [jvm.dll+0x1e3f69]
V  [jvm.dll+0x24c6b3]
V  [jvm.dll+0x24bb40]
V  [jvm.dll+0x1cb34e]
V  [jvm.dll+0x25b85d]
V  [jvm.dll+0x259dea]
V  [jvm.dll+0x3f857e]
V  [jvm.dll+0x85f59d]
V  [jvm.dll+0x6d626d]
C  [ucrtbase.dll+0x2cd30]
C  [KERNEL32.DLL+0x2e957]
C  [ntdll.dll+0x87c1c]


---------------  P R O C E S S  ---------------

Threads class SMR info:
_java_thread_list=0x00000291612991c0, length=13, elements={
0x0000029144a9f240, 0x0000029144a0c490, 0x0000029144a10bf0, 0x0000029144a167f0,
0x0000029144a19260, 0x0000029144a19cc0, 0x0000029144a1a720, 0x0000029144a1e330,
0x0000029161018200, 0x00000291611faee0, 0x00000291613123b0, 0x00000291613c8850,
0x0000029161290ad0
}

Java Threads: ( => current thread )
  0x0000029144a9f240 JavaThread "main"                              [_thread_in_vm, id=25680, stack(0x000000bf49d00000,0x000000bf49e00000) (1024K)]
  0x0000029144a0c490 JavaThread "Reference Handler"          daemon [_thread_blocked, id=2672, stack(0x000000bf4a100000,0x000000bf4a200000) (1024K)]
  0x0000029144a10bf0 JavaThread "Finalizer"                  daemon [_thread_blocked, id=24728, stack(0x000000bf4a200000,0x000000bf4a300000) (1024K)]
  0x0000029144a167f0 JavaThread "Signal Dispatcher"          daemon [_thread_blocked, id=28124, stack(0x000000bf4a300000,0x000000bf4a400000) (1024K)]
  0x0000029144a19260 JavaThread "Attach Listener"            daemon [_thread_blocked, id=25508, stack(0x000000bf4a400000,0x000000bf4a500000) (1024K)]
  0x0000029144a19cc0 JavaThread "Service Thread"             daemon [_thread_blocked, id=13536, stack(0x000000bf4a500000,0x000000bf4a600000) (1024K)]
  0x0000029144a1a720 JavaThread "Monitor Deflation Thread"   daemon [_thread_blocked, id=17776, stack(0x000000bf4a600000,0x000000bf4a700000) (1024K)]
=>0x0000029144a1e330 JavaThread "C2 CompilerThread0"         daemon [_thread_in_native, id=30896, stack(0x000000bf4a700000,0x000000bf4a800000) (1024K)]
  0x0000029161018200 JavaThread "C1 CompilerThread0"         daemon [_thread_in_native, id=3312, stack(0x000000bf4a800000,0x000000bf4a900000) (1024K)]
  0x00000291611faee0 JavaThread "Common-Cleaner"             daemon [_thread_blocked, id=31192, stack(0x000000bf4a900000,0x000000bf4aa00000) (1024K)]
  0x00000291613123b0 JavaThread "C2 CompilerThread1"         daemon [_thread_in_native, id=28832, stack(0x000000bf4aa00000,0x000000bf4ab00000) (1024K)]
  0x00000291613c8850 JavaThread "Notification Thread"        daemon [_thread_blocked, id=13052, stack(0x000000bf4ab00000,0x000000bf4ac00000) (1024K)]
  0x0000029161290ad0 JavaThread "C2 CompilerThread2"         daemon [_thread_in_native, id=19344, stack(0x000000bf4ac00000,0x000000bf4ad00000) (1024K)]
Total: 13

Other Threads:
  0x0000029144b5ebf0 VMThread "VM Thread"                           [id=14272, stack(0x000000bf4a000000,0x000000bf4a100000) (1024K)]
  0x000002914492ca10 WatcherThread "VM Periodic Task Thread"        [id=960, stack(0x000000bf49f00000,0x000000bf4a000000) (1024K)]
  0x0000029144abc970 WorkerThread "GC Thread#0"                     [id=20656, stack(0x000000bf49e00000,0x000000bf49f00000) (1024K)]
  0x0000029161bf4690 WorkerThread "GC Thread#1"                     [id=14156, stack(0x000000bf4ad00000,0x000000bf4ae00000) (1024K)]
  0x0000029161bf4a40 WorkerThread "GC Thread#2"                     [id=14348, stack(0x000000bf4ae00000,0x000000bf4af00000) (1024K)]
  0x0000029161221a20 WorkerThread "GC Thread#3"                     [id=25532, stack(0x000000bf4af00000,0x000000bf4b000000) (1024K)]
  0x0000029161221dd0 WorkerThread "GC Thread#4"                     [id=12760, stack(0x000000bf4b000000,0x000000bf4b100000) (1024K)]
  0x0000029161222180 WorkerThread "GC Thread#5"                     [id=31964, stack(0x000000bf4b100000,0x000000bf4b200000) (1024K)]
  0x0000029161af5670 WorkerThread "GC Thread#6"                     [id=1624, stack(0x000000bf4b200000,0x000000bf4b300000) (1024K)]
Total: 9

Threads with active compile tasks:
C2 CompilerThread0  1214 1345       4       lombok.launch.PackageShader::apply (252 bytes)
C1 CompilerThread0  1214 1449       3       org.eclipse.osgi.container.ModuleDatabase$Persistence::readWire (118 bytes)
C2 CompilerThread1  1214 1350       4       jdk.internal.jimage.ImageLocation::verify (218 bytes)
C2 CompilerThread2  1214 1412       4       org.eclipse.osgi.container.ModuleDatabase$Persistence::readString (7 bytes)
Total: 4

VM state: not at safepoint (normal execution)

VM Mutex/Monitor currently owned by a thread: None

Heap address: 0x0000000080000000, size: 2048 MB, Compressed Oops mode: 32-bit

CDS archive(s) mapped at: [0x0000029100000000-0x0000029100ba0000-0x0000029100ba0000), size 12189696, SharedBaseAddress: 0x0000029100000000, ArchiveRelocationMode: 1.
Compressed class space mapped at: 0x0000029101000000-0x0000029141000000, reserved size: 1073741824
Narrow klass base: 0x0000029100000000, Narrow klass shift: 0, Narrow klass range: 0x100000000

GC Precious Log:
 CardTable entry size: 512
 CPUs: 8 total, 8 available
 Memory: 16221M
 Large Page Support: Disabled
 NUMA Support: Disabled
 Compressed Oops: Enabled (32-bit)
 Alignments: Space 512K, Generation 512K, Heap 2M
 Heap Min Capacity: 100M
 Heap Initial Capacity: 100M
 Heap Max Capacity: 2G
 Pre-touch: Disabled
 Parallel Workers: 8

Heap:
 PSYoungGen      total 29696K, used 16526K [0x00000000d5580000, 0x00000000d7680000, 0x0000000100000000)
  eden space 25600K, 51% used [0x00000000d5580000,0x00000000d626b918,0x00000000d6e80000)
  from space 4096K, 80% used [0x00000000d6e80000,0x00000000d71b8158,0x00000000d7280000)
  to   space 4096K, 0% used [0x00000000d7280000,0x00000000d7280000,0x00000000d7680000)
 ParOldGen       total 68608K, used 16K [0x0000000080000000, 0x0000000084300000, 0x00000000d5580000)
  object space 68608K, 0% used [0x0000000080000000,0x0000000080004000,0x0000000084300000)
 Metaspace       used 6469K, committed 6784K, reserved 1114112K
  class space    used 658K, committed 832K, reserved 1048576K

Card table byte_map: [0x0000029144440000,0x0000029144850000] _byte_map_base: 0x0000029144040000

Marking Bits: (ParMarkBitMap*) 0x00007ffa7b083450
 Begin Bits: [0x0000029156f50000, 0x0000029158f50000)
 End Bits:   [0x0000029158f50000, 0x000002915af50000)

Polling page: 0x00000291428a0000

Metaspace:

Usage:
  Non-class:      5.67 MB used.
      Class:    658.98 KB used.
       Both:      6.32 MB used.

Virtual space:
  Non-class space:       64.00 MB reserved,       5.81 MB (  9%) committed,  1 nodes.
      Class space:        1.00 GB reserved,     832.00 KB ( <1%) committed,  1 nodes.
             Both:        1.06 GB reserved,       6.62 MB ( <1%) committed. 

Chunk freelists:
   Non-Class:  9.73 MB
       Class:  15.05 MB
        Both:  24.78 MB

MaxMetaspaceSize: unlimited
CompressedClassSpaceSize: 1.00 GB
Initial GC threshold: 21.00 MB
Current GC threshold: 21.00 MB
CDS: on
 - commit_granule_bytes: 65536.
 - commit_granule_words: 8192.
 - virtual_space_node_default_size: 8388608.
 - enlarge_chunks_in_place: 1.
 - use_allocation_guard: 0.


Internal statistics:

num_allocs_failed_limit: 0.
num_arena_births: 190.
num_arena_deaths: 0.
num_vsnodes_births: 2.
num_vsnodes_deaths: 0.
num_space_committed: 106.
num_space_uncommitted: 0.
num_chunks_returned_to_freelist: 0.
num_chunks_taken_from_freelist: 327.
num_chunk_merges: 0.
num_chunk_splits: 212.
num_chunks_enlarged: 136.
num_inconsistent_stats: 0.

CodeHeap 'non-profiled nmethods': size=120000Kb used=588Kb max_used=588Kb free=119411Kb
 bounds [0x000002914f770000, 0x000002914f9e0000, 0x0000029156ca0000]
CodeHeap 'profiled nmethods': size=120000Kb used=2463Kb max_used=2463Kb free=117536Kb
 bounds [0x0000029147ca0000, 0x0000029147f10000, 0x000002914f1d0000]
CodeHeap 'non-nmethods': size=5760Kb used=1206Kb max_used=1236Kb free=4553Kb
 bounds [0x000002914f1d0000, 0x000002914f440000, 0x000002914f770000]
CodeCache: size=245760Kb, used=4257Kb, max_used=4287Kb, free=241500Kb
 total_blobs=1912, nmethods=1441, adapters=378, full_count=0
Compilation: enabled, stopped_count=0, restarted_count=0

Compilation events (20 events):
Event: 1.178 Thread 0x0000029161018200 nmethod 1382 0x0000029147ee1690 code [0x0000029147ee1840, 0x0000029147ee1a18]
Event: 1.178 Thread 0x0000029161018200 1380       3       org.lombokweb.asm.SymbolTable::addConstantMemberReference (29 bytes)
Event: 1.178 Thread 0x0000029161018200 nmethod 1380 0x0000029147ee1b90 code [0x0000029147ee1d80, 0x0000029147ee2130]
Event: 1.178 Thread 0x0000029161018200 1383       3       org.lombokweb.asm.SymbolTable::addConstantNameAndType (28 bytes)
Event: 1.179 Thread 0x0000029161018200 nmethod 1383 0x0000029147ee2410 code [0x0000029147ee2600, 0x0000029147ee2938]
Event: 1.179 Thread 0x0000029161018200 1384       3       org.lombokweb.asm.SymbolTable::addConstantUtf8Reference (20 bytes)
Event: 1.179 Thread 0x0000029161018200 nmethod 1384 0x0000029147ee2b90 code [0x0000029147ee2d60, 0x0000029147ee3030]
Event: 1.179 Thread 0x0000029161018200 1385       1       org.lombokweb.asm.MethodWriter::hasAsmInstructions (5 bytes)
Event: 1.179 Thread 0x0000029161018200 nmethod 1385 0x000002914f7fe690 code [0x000002914f7fe820, 0x000002914f7fe8f0]
Event: 1.179 Thread 0x0000029161018200 1386       3       lombok.patcher.scripts.MethodLevelPatchScript::patch (21 bytes)
Event: 1.180 Thread 0x0000029161018200 nmethod 1386 0x0000029147ee3210 code [0x0000029147ee33e0, 0x0000029147ee3668]
Event: 1.181 Thread 0x0000029161290ad0 nmethod 1372 0x000002914f7fe990 code [0x000002914f7feb40, 0x000002914f7ff1b8]
Event: 1.181 Thread 0x0000029161290ad0 1381       4       org.lombokweb.asm.ClassReader::readUtf (161 bytes)
Event: 1.182 Thread 0x0000029161018200 1387       3       java.security.Provider$ServiceKey::equals (53 bytes)
Event: 1.182 Thread 0x0000029161018200 nmethod 1387 0x0000029147ee3790 code [0x0000029147ee3980, 0x0000029147ee3e10]
Event: 1.182 Thread 0x0000029161018200 1388       3       java.util.ArrayList::addAll (76 bytes)
Event: 1.183 Thread 0x0000029161018200 nmethod 1388 0x0000029147ee3f90 code [0x0000029147ee4180, 0x0000029147ee4610]
Event: 1.185 Thread 0x0000029161018200 1389  s    3       java.lang.Throwable::fillInStackTrace (29 bytes)
Event: 1.186 Thread 0x0000029161018200 nmethod 1389 0x0000029147ee4790 code [0x0000029147ee4940, 0x0000029147ee4bd8]
Event: 1.187 Thread 0x0000029161018200 1390       3       java.util.WeakHashMap::put (160 bytes)

GC Heap History (2 events):
Event: 0.844 GC heap before
{Heap before GC invocations=1 (full 0):
 PSYoungGen      total 29696K, used 25600K [0x00000000d5580000, 0x00000000d7680000, 0x0000000100000000)
  eden space 25600K, 100% used [0x00000000d5580000,0x00000000d6e80000,0x00000000d6e80000)
  from space 4096K, 0% used [0x00000000d7280000,0x00000000d7280000,0x00000000d7680000)
  to   space 4096K, 0% used [0x00000000d6e80000,0x00000000d6e80000,0x00000000d7280000)
 ParOldGen       total 68608K, used 0K [0x0000000080000000, 0x0000000084300000, 0x00000000d5580000)
  object space 68608K, 0% used [0x0000000080000000,0x0000000080000000,0x0000000084300000)
 Metaspace       used 4355K, committed 4608K, reserved 1114112K
  class space    used 474K, committed 576K, reserved 1048576K
}
Event: 0.852 GC heap after
{Heap after GC invocations=1 (full 0):
 PSYoungGen      total 29696K, used 3296K [0x00000000d5580000, 0x00000000d7680000, 0x0000000100000000)
  eden space 25600K, 0% used [0x00000000d5580000,0x00000000d5580000,0x00000000d6e80000)
  from space 4096K, 80% used [0x00000000d6e80000,0x00000000d71b8158,0x00000000d7280000)
  to   space 4096K, 0% used [0x00000000d7280000,0x00000000d7280000,0x00000000d7680000)
 ParOldGen       total 68608K, used 16K [0x0000000080000000, 0x0000000084300000, 0x00000000d5580000)
  object space 68608K, 0% used [0x0000000080000000,0x0000000080004000,0x0000000084300000)
 Metaspace       used 4355K, committed 4608K, reserved 1114112K
  class space    used 474K, committed 576K, reserved 1048576K
}

Dll operation events (8 events):
Event: 0.016 Loaded shared library c:\Users\RK\.vscode\extensions\redhat.java-1.54.0-win32-x64\jre\21.0.10-win32-x86_64\bin\java.dll
Event: 0.117 Loaded shared library c:\Users\RK\.vscode\extensions\redhat.java-1.54.0-win32-x64\jre\21.0.10-win32-x86_64\bin\zip.dll
Event: 0.142 Loaded shared library C:\Users\RK\.vscode\extensions\redhat.java-1.54.0-win32-x64\jre\21.0.10-win32-x86_64\bin\instrument.dll
Event: 0.150 Loaded shared library C:\Users\RK\.vscode\extensions\redhat.java-1.54.0-win32-x64\jre\21.0.10-win32-x86_64\bin\net.dll
Event: 0.152 Loaded shared library C:\Users\RK\.vscode\extensions\redhat.java-1.54.0-win32-x64\jre\21.0.10-win32-x86_64\bin\nio.dll
Event: 0.157 Loaded shared library C:\Users\RK\.vscode\extensions\redhat.java-1.54.0-win32-x64\jre\21.0.10-win32-x86_64\bin\zip.dll
Event: 0.178 Loaded shared library C:\Users\RK\.vscode\extensions\redhat.java-1.54.0-win32-x64\jre\21.0.10-win32-x86_64\bin\jimage.dll
Event: 0.298 Loaded shared library c:\Users\RK\.vscode\extensions\redhat.java-1.54.0-win32-x64\jre\21.0.10-win32-x86_64\bin\verify.dll

Deoptimization events (20 events):
Event: 0.963 Thread 0x0000029144a9f240 DEOPT PACKING pc=0x000002914f7b5ffc sp=0x000000bf49dfe6f0
Event: 0.963 Thread 0x0000029144a9f240 DEOPT UNPACKING pc=0x000002914f223aa2 sp=0x000000bf49dfe648 mode 2
Event: 1.047 Thread 0x0000029144a9f240 Uncommon trap: trap_request=0xffffff45 fr.pc=0x000002914f7c91c0 relative=0x0000000000001040
Event: 1.047 Thread 0x0000029144a9f240 Uncommon trap: reason=unstable_if action=reinterpret pc=0x000002914f7c91c0 method=lombok.patcher.PatchScript.classMatches(Ljava/lang/String;Ljava/util/Collection;)Z @ 25 c2
Event: 1.047 Thread 0x0000029144a9f240 DEOPT PACKING pc=0x000002914f7c91c0 sp=0x000000bf49df8a10
Event: 1.047 Thread 0x0000029144a9f240 DEOPT UNPACKING pc=0x000002914f223aa2 sp=0x000000bf49df8978 mode 2
Event: 1.049 Thread 0x0000029144a9f240 DEOPT PACKING pc=0x0000029147d41a0d sp=0x000000bf49df7e60
Event: 1.049 Thread 0x0000029144a9f240 DEOPT UNPACKING pc=0x000002914f224242 sp=0x000000bf49df7310 mode 0
Event: 1.074 Thread 0x0000029144a9f240 DEOPT PACKING pc=0x0000029147d41a0d sp=0x000000bf49df4310
Event: 1.074 Thread 0x0000029144a9f240 DEOPT UNPACKING pc=0x000002914f224242 sp=0x000000bf49df37c0 mode 0
Event: 1.076 Thread 0x0000029144a9f240 DEOPT PACKING pc=0x0000029147d41a0d sp=0x000000bf49df4310
Event: 1.076 Thread 0x0000029144a9f240 DEOPT UNPACKING pc=0x000002914f224242 sp=0x000000bf49df37c0 mode 0
Event: 1.087 Thread 0x0000029144a9f240 DEOPT PACKING pc=0x0000029147d41a0d sp=0x000000bf49df7d70
Event: 1.087 Thread 0x0000029144a9f240 DEOPT UNPACKING pc=0x000002914f224242 sp=0x000000bf49df7220 mode 0
Event: 1.097 Thread 0x0000029144a9f240 DEOPT PACKING pc=0x0000029147d41a0d sp=0x000000bf49df7d30
Event: 1.097 Thread 0x0000029144a9f240 DEOPT UNPACKING pc=0x000002914f224242 sp=0x000000bf49df71e0 mode 0
Event: 1.109 Thread 0x0000029144a9f240 DEOPT PACKING pc=0x0000029147d41a0d sp=0x000000bf49df3fa0
Event: 1.109 Thread 0x0000029144a9f240 DEOPT UNPACKING pc=0x000002914f224242 sp=0x000000bf49df3450 mode 0
Event: 1.118 Thread 0x0000029144a9f240 DEOPT PACKING pc=0x0000029147d41a0d sp=0x000000bf49df7900
Event: 1.118 Thread 0x0000029144a9f240 DEOPT UNPACKING pc=0x000002914f224242 sp=0x000000bf49df6db0 mode 0

Classes loaded (20 events):
Event: 1.007 Loading class java/util/concurrent/Semaphore$NonfairSync
Event: 1.007 Loading class java/util/concurrent/Semaphore$Sync
Event: 1.007 Loading class java/util/concurrent/Semaphore$Sync done
Event: 1.007 Loading class java/util/concurrent/Semaphore$NonfairSync done
Event: 1.060 Loading class java/lang/TypeNotPresentException
Event: 1.060 Loading class java/lang/TypeNotPresentException done
Event: 1.179 Loading class java/security/InvalidKeyException
Event: 1.180 Loading class java/security/KeyException
Event: 1.180 Loading class java/security/GeneralSecurityException
Event: 1.180 Loading class java/security/GeneralSecurityException done
Event: 1.180 Loading class java/security/KeyException done
Event: 1.180 Loading class java/security/InvalidKeyException done
Event: 1.180 Loading class java/security/SignatureException
Event: 1.180 Loading class java/security/SignatureException done
Event: 1.180 Loading class java/security/cert/CertificateException
Event: 1.180 Loading class java/security/cert/CertificateException done
Event: 1.180 Loading class java/security/NoSuchAlgorithmException
Event: 1.180 Loading class java/security/NoSuchAlgorithmException done
Event: 1.180 Loading class java/security/NoSuchProviderException
Event: 1.180 Loading class java/security/NoSuchProviderException done

Classes unloaded (0 events):
No events

Classes redefined (0 events):
No events

Internal exceptions (20 events):
Event: 0.606 Thread 0x0000029144a9f240 Exception <a 'java/io/FileNotFoundException'{0x00000000d64c6698}> (0x00000000d64c6698) 
thrown [s\src\hotspot\share\prims\jni.cpp, line 520]
Event: 0.606 Thread 0x0000029144a9f240 Exception <a 'java/io/FileNotFoundException'{0x00000000d64c72d0}> (0x00000000d64c72d0) 
thrown [s\src\hotspot\share\prims\jni.cpp, line 520]
Event: 0.606 Thread 0x0000029144a9f240 Exception <a 'java/io/FileNotFoundException'{0x00000000d64c7e00}> (0x00000000d64c7e00) 
thrown [s\src\hotspot\share\prims\jni.cpp, line 520]
Event: 0.610 Thread 0x0000029144a9f240 Implicit null exception at 0x000002914f79c9a4 to 0x000002914f79cf70
Event: 0.613 Thread 0x0000029144a9f240 Exception <a 'java/io/FileNotFoundException'{0x00000000d6501f80}> (0x00000000d6501f80) 
thrown [s\src\hotspot\share\prims\jni.cpp, line 520]
Event: 0.626 Thread 0x0000029144a9f240 Exception <a 'java/lang/NoSuchMethodError'{0x00000000d653e8b8}: 'java.lang.Object java.lang.invoke.DirectMethodHandle$Holder.invokeInterface(java.lang.Object, java.lang.Object)'> (0x00000000d653e8b8) 
thrown [s\src\hotspot\share\interpreter\linkResolver.cpp, line 773]
Event: 0.639 Thread 0x0000029144a9f240 Exception <a 'java/lang/NoSuchMethodError'{0x00000000d6552310}: 'java.lang.Object java.lang.invoke.Invokers$Holder.invokeExact_MT(java.lang.Object, java.lang.Object, java.lang.Object, java.lang.Object, java.lang.Object, java.lang.Object)'> (0x00000000d6552310) 
thrown [s\src\hotspot\share\interpreter\linkResolver.cpp, line 773]
Event: 0.646 Thread 0x0000029144a9f240 Exception <a 'java/lang/NoSuchMethodError'{0x00000000d65693e8}: 'int java.lang.invoke.DirectMethodHandle$Holder.invokeStatic(java.lang.Object, java.lang.Object, java.lang.Object, java.lang.Object, java.lang.Object)'> (0x00000000d65693e8) 
thrown [s\src\hotspot\share\interpreter\linkResolver.cpp, line 773]
Event: 0.674 Thread 0x0000029144a9f240 Exception <a 'java/lang/NoSuchMethodError'{0x00000000d6600530}: 'java.lang.Object java.lang.invoke.DirectMethodHandle$Holder.invokeInterface(java.lang.Object, java.lang.Object, int)'> (0x00000000d6600530) 
thrown [s\src\hotspot\share\interpreter\linkResolver.cpp, line 773]
Event: 0.776 Thread 0x0000029144a9f240 Exception <a 'java/lang/NoSuchMethodError'{0x00000000d6a6ca10}: 'java.lang.ClassLoader java.lang.ClassLoader.getPlatformClassLoader(java.lang.Class)'> (0x00000000d6a6ca10) 
thrown [s\src\hotspot\share\interpreter\linkResolver.cpp, line 773]
Event: 0.854 Thread 0x0000029144a9f240 Exception <a 'java/lang/ClassNotFoundException'{0x00000000d558ad08}: sun/net/www/protocol/c/Handler> (0x00000000d558ad08) 
thrown [s\src\hotspot\share\classfile\systemDictionary.cpp, line 312]
Event: 0.854 Thread 0x0000029144a9f240 Exception <a 'java/lang/ClassNotFoundException'{0x00000000d558c060}: sun/net/www/protocol/e/Handler> (0x00000000d558c060) 
thrown [s\src\hotspot\share\classfile\systemDictionary.cpp, line 312]
Event: 0.855 Thread 0x0000029144a9f240 Exception <a 'java/lang/ClassNotFoundException'{0x00000000d558d1f0}: sun/net/www/protocol/c/Handler> (0x00000000d558d1f0) 
thrown [s\src\hotspot\share\classfile\systemDictionary.cpp, line 312]
Event: 0.866 Thread 0x0000029144a9f240 Exception <a 'java/io/FileNotFoundException'{0x00000000d55b55c0}> (0x00000000d55b55c0) 
thrown [s\src\hotspot\share\prims\jni.cpp, line 520]
Event: 0.910 Thread 0x0000029144a9f240 Implicit null exception at 0x000002914f7cbda9 to 0x000002914f7cc660
Event: 0.910 Thread 0x0000029144a9f240 Implicit null exception at 0x000002914f7cfe1a to 0x000002914f7d0038
Event: 0.911 Thread 0x0000029144a9f240 Exception <a 'java/lang/NoSuchMethodError'{0x00000000d56e7260}: 'void java.lang.invoke.DirectMethodHandle$Holder.invokeStatic(java.lang.Object, java.lang.Object, java.lang.Object, java.lang.Object)'> (0x00000000d56e7260) 
thrown [s\src\hotspot\share\interpreter\linkResolver.cpp, line 773]
Event: 0.913 Thread 0x0000029144a9f240 Implicit null exception at 0x000002914f7cedc0 to 0x000002914f7cf094
Event: 0.913 Thread 0x0000029144a9f240 Implicit null exception at 0x000002914f7cdbc0 to 0x000002914f7cdc45
Event: 0.975 Thread 0x0000029144a9f240 Exception <a 'java/lang/NoSuchMethodError'{0x00000000d59aaa68}: 'void java.lang.invoke.DirectMethodHandle$Holder.invokeSpecial(java.lang.Object, java.lang.Object, java.lang.Object)'> (0x00000000d59aaa68) 
thrown [s\src\hotspot\share\interpreter\linkResolver.cpp, line 773]

ZGC Phase Switch (0 events):
No events

VM Operations (14 events):
Event: 0.115 Executing non-safepoint VM operation: HandshakeAllThreads (Deoptimize)
Event: 0.115 Executing non-safepoint VM operation: HandshakeAllThreads (Deoptimize) done
Event: 0.199 Executing non-safepoint VM operation: HandshakeAllThreads (Deoptimize)
Event: 0.199 Executing non-safepoint VM operation: HandshakeAllThreads (Deoptimize) done
Event: 0.566 Executing non-safepoint VM operation: HandshakeAllThreads (Deoptimize)
Event: 0.566 Executing non-safepoint VM operation: HandshakeAllThreads (Deoptimize) done
Event: 0.586 Executing non-safepoint VM operation: HandshakeAllThreads (Deoptimize)
Event: 0.586 Executing non-safepoint VM operation: HandshakeAllThreads (Deoptimize) done
Event: 0.811 Executing safepoint VM operation: ICBufferFull
Event: 0.811 Executing safepoint VM operation: ICBufferFull done
Event: 0.828 Executing non-safepoint VM operation: HandshakeAllThreads (Deoptimize)
Event: 0.828 Executing non-safepoint VM operation: HandshakeAllThreads (Deoptimize) done
Event: 0.844 Executing safepoint VM operation: ParallelGCFailedAllocation (Allocation Failure)
Event: 0.852 Executing safepoint VM operation: ParallelGCFailedAllocation (Allocation Failure) done

Memory protections (0 events):
No events

Nmethod flushes (0 events):
No events

Events (13 events):
Event: 0.038 Thread 0x0000029144a9f240 Thread added: 0x0000029144a9f240
Event: 0.065 Thread 0x0000029144a9f240 Thread added: 0x0000029144a0c490
Event: 0.065 Thread 0x0000029144a9f240 Thread added: 0x0000029144a10bf0
Event: 0.066 Thread 0x0000029144a9f240 Thread added: 0x0000029144a167f0
Event: 0.066 Thread 0x0000029144a9f240 Thread added: 0x0000029144a19260
Event: 0.066 Thread 0x0000029144a9f240 Thread added: 0x0000029144a19cc0
Event: 0.066 Thread 0x0000029144a9f240 Thread added: 0x0000029144a1a720
Event: 0.066 Thread 0x0000029144a9f240 Thread added: 0x0000029144a1e330
Event: 0.067 Thread 0x0000029144a9f240 Thread added: 0x0000029161018200
Event: 0.145 Thread 0x0000029144a9f240 Thread added: 0x00000291611faee0
Event: 0.290 Thread 0x0000029161018200 Thread added: 0x00000291613123b0
Event: 0.408 Thread 0x0000029144a9f240 Thread added: 0x00000291613c8850
Event: 0.494 Thread 0x00000291613123b0 Thread added: 0x0000029161290ad0


Dynamic libraries:
0x00007ff7086f0000 - 0x00007ff7086fe000 	c:\Users\RK\.vscode\extensions\redhat.java-1.54.0-win32-x64\jre\21.0.10-win32-x86_64\bin\java.exe
0x00007ffaea9a0000 - 0x00007ffaeac06000 	C:\WINDOWS\SYSTEM32\ntdll.dll
0x00007ffae9340000 - 0x00007ffae9409000 	C:\WINDOWS\System32\KERNEL32.DLL
0x00007ffae8160000 - 0x00007ffae855a000 	C:\WINDOWS\System32\KERNELBASE.dll
0x00007ffae7ce0000 - 0x00007ffae7e2c000 	C:\WINDOWS\System32\ucrtbase.dll
0x00007ffadaa80000 - 0x00007ffadaa98000 	c:\Users\RK\.vscode\extensions\redhat.java-1.54.0-win32-x64\jre\21.0.10-win32-x86_64\bin\jli.dll
0x00007ffae8d90000 - 0x00007ffae8f57000 	C:\WINDOWS\System32\USER32.dll
0x00007ffae8560000 - 0x00007ffae8587000 	C:\WINDOWS\System32\win32u.dll
0x00007ffae9520000 - 0x00007ffae954b000 	C:\WINDOWS\System32\GDI32.dll
0x00007ffae7f70000 - 0x00007ffae809b000 	C:\WINDOWS\System32\gdi32full.dll
0x00007ffad39c0000 - 0x00007ffad39de000 	c:\Users\RK\.vscode\extensions\redhat.java-1.54.0-win32-x64\jre\21.0.10-win32-x86_64\bin\VCRUNTIME140.dll
0x00007ffae7c30000 - 0x00007ffae7cd3000 	C:\WINDOWS\System32\msvcp_win.dll
0x00007ffad20c0000 - 0x00007ffad2352000 	C:\WINDOWS\WinSxS\amd64_microsoft.windows.common-controls_6595b64144ccf1df_6.0.26100.8521_none_3e08b75ce33403b3\COMCTL32.dll
0x00007ffaea2e0000 - 0x00007ffaea389000 	C:\WINDOWS\System32\msvcrt.dll
0x00007ffae9dc0000 - 0x00007ffae9df2000 	C:\WINDOWS\System32\IMM32.DLL
0x00007ffadb800000 - 0x00007ffadb80c000 	c:\Users\RK\.vscode\extensions\redhat.java-1.54.0-win32-x64\jre\21.0.10-win32-x86_64\bin\vcruntime140_1.dll
0x00007ffabe050000 - 0x00007ffabe0dd000 	c:\Users\RK\.vscode\extensions\redhat.java-1.54.0-win32-x64\jre\21.0.10-win32-x86_64\bin\msvcp140.dll
0x00007ffa7a3c0000 - 0x00007ffa7b161000 	c:\Users\RK\.vscode\extensions\redhat.java-1.54.0-win32-x64\jre\21.0.10-win32-x86_64\bin\server\jvm.dll
0x00007ffae9220000 - 0x00007ffae92d6000 	C:\WINDOWS\System32\ADVAPI32.dll
0x00007ffae9e80000 - 0x00007ffae9f2a000 	C:\WINDOWS\System32\sechost.dll
0x00007ffae9f30000 - 0x00007ffaea048000 	C:\WINDOWS\System32\RPCRT4.dll
0x00007ffae9410000 - 0x00007ffae9490000 	C:\WINDOWS\System32\WS2_32.dll
0x00007ffae7a90000 - 0x00007ffae7aee000 	C:\WINDOWS\SYSTEM32\POWRPROF.dll
0x00007ffada890000 - 0x00007ffada8c6000 	C:\WINDOWS\SYSTEM32\WINMM.dll
0x00007ffae6590000 - 0x00007ffae659b000 	C:\WINDOWS\SYSTEM32\VERSION.dll
0x00007ffae7a70000 - 0x00007ffae7a84000 	C:\WINDOWS\SYSTEM32\UMPDC.dll
0x00007ffae69c0000 - 0x00007ffae69db000 	C:\WINDOWS\SYSTEM32\kernel.appcore.dll
0x00007ffadb6c0000 - 0x00007ffadb6ca000 	c:\Users\RK\.vscode\extensions\redhat.java-1.54.0-win32-x64\jre\21.0.10-win32-x86_64\bin\jimage.dll
0x00007ffae5270000 - 0x00007ffae54b2000 	C:\WINDOWS\SYSTEM32\DBGHELP.DLL
0x00007ffae8710000 - 0x00007ffae8a93000 	C:\WINDOWS\System32\combase.dll
0x00007ffae9ce0000 - 0x00007ffae9db9000 	C:\WINDOWS\System32\OLEAUT32.dll
0x00007ffacc850000 - 0x00007ffacc88b000 	C:\WINDOWS\SYSTEM32\dbgcore.DLL
0x00007ffae7ec0000 - 0x00007ffae7f68000 	C:\WINDOWS\System32\bcryptPrimitives.dll
0x00007ffae2570000 - 0x00007ffae257f000 	c:\Users\RK\.vscode\extensions\redhat.java-1.54.0-win32-x64\jre\21.0.10-win32-x86_64\bin\instrument.dll
0x00007ffacc300000 - 0x00007ffacc320000 	c:\Users\RK\.vscode\extensions\redhat.java-1.54.0-win32-x64\jre\21.0.10-win32-x86_64\bin\java.dll
0x00007ffae9550000 - 0x00007ffae9cd4000 	C:\WINDOWS\System32\SHELL32.dll
0x00007ffae55b0000 - 0x00007ffae5e30000 	C:\WINDOWS\SYSTEM32\windows.storage.dll
0x00007ffae8b30000 - 0x00007ffae8c26000 	C:\WINDOWS\System32\SHCORE.dll
0x00007ffae94b0000 - 0x00007ffae9517000 	C:\WINDOWS\System32\shlwapi.dll
0x00007ffae7b50000 - 0x00007ffae7b79000 	C:\WINDOWS\SYSTEM32\profapi.dll
0x00007ffac4d10000 - 0x00007ffac4d28000 	c:\Users\RK\.vscode\extensions\redhat.java-1.54.0-win32-x64\jre\21.0.10-win32-x86_64\bin\zip.dll
0x00007ffada960000 - 0x00007ffada970000 	C:\Users\RK\.vscode\extensions\redhat.java-1.54.0-win32-x64\jre\21.0.10-win32-x86_64\bin\net.dll
0x00007ffade1e0000 - 0x00007ffade309000 	C:\WINDOWS\SYSTEM32\WINHTTP.dll
0x00007ffae6f30000 - 0x00007ffae6f9c000 	C:\WINDOWS\system32\mswsock.dll
0x00007ffab9a50000 - 0x00007ffab9a66000 	C:\Users\RK\.vscode\extensions\redhat.java-1.54.0-win32-x64\jre\21.0.10-win32-x86_64\bin\nio.dll
0x00007ffae2560000 - 0x00007ffae2570000 	c:\Users\RK\.vscode\extensions\redhat.java-1.54.0-win32-x64\jre\21.0.10-win32-x86_64\bin\verify.dll

JVMTI agents:
c:\Users\RK\.vscode\extensions\redhat.java-1.54.0-win32-x64\lombok\lombok-1.18.39-4050.jar path:c:\Users\RK\.vscode\extensions\redhat.java-1.54.0-win32-x64\jre\21.0.10-win32-x86_64\bin\instrument.dll, loaded, initialized, instrumentlib options:none

dbghelp: loaded successfully - version: 4.0.5 - missing functions: none
symbol engine: initialized successfully - sym options: 0x614 - pdb path: .;c:\Users\RK\.vscode\extensions\redhat.java-1.54.0-win32-x64\jre\21.0.10-win32-x86_64\bin;C:\WINDOWS\SYSTEM32;C:\WINDOWS\WinSxS\amd64_microsoft.windows.common-controls_6595b64144ccf1df_6.0.26100.8521_none_3e08b75ce33403b3;c:\Users\RK\.vscode\extensions\redhat.java-1.54.0-win32-x64\jre\21.0.10-win32-x86_64\bin\server

VM Arguments:
jvm_args: --add-modules=ALL-SYSTEM --add-opens=java.base/java.util=ALL-UNNAMED --add-opens=java.base/java.lang=ALL-UNNAMED --add-opens=java.base/sun.nio.fs=ALL-UNNAMED -Declipse.application=org.eclipse.jdt.ls.core.id1 -Dosgi.bundles.defaultStartLevel=4 -Declipse.product=org.eclipse.jdt.ls.core.product -Djava.import.generatesMetadataFilesAtProjectRoot=false -DDetectVMInstallationsJob.disabled=true -Dfile.encoding=utf8 -XX:+UseParallelGC -XX:GCTimeRatio=4 -XX:AdaptiveSizePolicyWeight=90 -Dsun.zip.disableMemoryMapping=true -Xmx2G -Xms100m -Xlog:disable -javaagent:c:\Users\RK\.vscode\extensions\redhat.java-1.54.0-win32-x64\lombok\lombok-1.18.39-4050.jar 
java_command: c:\Users\RK\.vscode\extensions\redhat.java-1.54.0-win32-x64\server\plugins\org.eclipse.equinox.launcher_1.7.100.v20251111-0406.jar -configuration c:\Users\RK\AppData\Roaming\Code\User\globalStorage\redhat.java\1.54.0\config_ss_win -data c:\Users\RK\AppData\Roaming\Code\User\workspaceStorage\d4f739664bc2935720a59c77d6c0e2f6\redhat.java\ss_ws --pipe=\\.\pipe\lsp-a71a07e7e9a9933a6568bddaee701957-sock
java_class_path (initial): c:\Users\RK\.vscode\extensions\redhat.java-1.54.0-win32-x64\server\plugins\org.eclipse.equinox.launcher_1.7.100.v20251111-0406.jar
Launcher Type: SUN_STANDARD

[Global flags]
    uintx AdaptiveSizePolicyWeight                 = 90                                        {product} {command line}
     intx CICompilerCount                          = 4                                         {product} {ergonomic}
    uintx GCTimeRatio                              = 4                                         {product} {command line}
   size_t InitialHeapSize                          = 104857600                                 {product} {command line}
   size_t MaxHeapSize                              = 2147483648                                {product} {command line}
   size_t MaxNewSize                               = 715653120                                 {product} {ergonomic}
   size_t MinHeapDeltaBytes                        = 524288                                    {product} {ergonomic}
   size_t MinHeapSize                              = 104857600                                 {product} {command line}
   size_t NewSize                                  = 34603008                                  {product} {ergonomic}
    uintx NonNMethodCodeHeapSize                   = 5839372                                {pd product} {ergonomic}
    uintx NonProfiledCodeHeapSize                  = 122909434                              {pd product} {ergonomic}
   size_t OldSize                                  = 70254592                                  {product} {ergonomic}
    uintx ProfiledCodeHeapSize                     = 122909434                              {pd product} {ergonomic}
    uintx ReservedCodeCacheSize                    = 251658240                              {pd product} {ergonomic}
     bool SegmentedCodeCache                       = true                                      {product} {ergonomic}
   size_t SoftMaxHeapSize                          = 2147483648                             {manageable} {ergonomic}
     bool UseCompressedOops                        = true                           {product lp64_product} {ergonomic}
     bool UseLargePagesIndividualAllocation        = false                                  {pd product} {ergonomic}
     bool UseParallelGC                            = true                                      {product} {command line}

Logging:
Log output configuration:
 #0: stdout all=off uptime,level,tags foldmultilines=false
 #1: stderr all=off uptime,level,tags foldmultilines=false

Release file:
JAVA_VERSION="21.0.10" 
MODULES="java.base java.compiler java.datatransfer java.xml java.prefs java.desktop java.instrument java.logging java.management java.security.sasl java.naming java.rmi java.management.rmi java.net.http java.scripting java.security.jgss java.transaction.xa java.sql java.sql.rowset java.xml.crypto java.se java.smartcardio jdk.accessibility jdk.internal.jvmstat jdk.attach jdk.charsets jdk.internal.opt jdk.zipfs jdk.compiler jdk.crypto.ec jdk.crypto.cryptoki jdk.crypto.mscapi jdk.dynalink jdk.internal.ed jdk.editpad jdk.hotspot.agent jdk.httpserver jdk.internal.le jdk.internal.vm.ci jdk.internal.vm.compiler jdk.internal.vm.compiler.management jdk.jartool jdk.javadoc jdk.jcmd jdk.management jdk.management.agent jdk.jconsole jdk.jdeps jdk.jdwp.agent jdk.jdi jdk.jfr jdk.jshell jdk.jsobject jdk.jstatd jdk.localedata jdk.management.jfr jdk.naming.dns jdk.naming.rmi jdk.net jdk.nio.mapmode jdk.random jdk.sctp jdk.security.auth jdk.security.jgss jdk.unsupported jdk.unsupported.desktop jdk.xml.dom" 

Environment Variables:
JAVA_HOME=C:\Program Files\Microsoft\jdk-21.0.10.7-hotspot\
PATH=C:\Program Files\Microsoft\jdk-21.0.10.7-hotspot\bin;C:\Python313\Scripts\;C:\Python313\;C:\Python312\Scripts\;C:\Python312\;C:\Python311\Scripts\;C:\Python311\;C:\Program Files\Common Files\Oracle\Java\javapath;C:\Program Files (x86)\Common Files\Intel\Shared Libraries\redist\intel64\compiler;C:\Windows\system32;C:\Windows;C:\Windows\System32\Wbem;C:\Windows\System32\WindowsPowerShell\v1.0\;C:\Windows\System32\OpenSSH\;C:\Program Files (x86)\NVIDIA Corporation\PhysX\Common;C:\Program Files\NVIDIA Corporation\NVIDIA NvDLISR;C:\Program Files\Git\cmd;C:\Gradle\gradle-6.9.1\bin;;C:\WINDOWS\system32;C:\WINDOWS;C:\WINDOWS\System32\Wbem;C:\WINDOWS\System32\WindowsPowerShell\v1.0\;C:\WINDOWS\System32\OpenSSH\;C:\ProgramData\chocolatey\bin;C:\Program Files\nodejs\;C:\Program Files\dotnet\;C:\Program Files\PuTTY\;C:\Users\RK\AppData\Local\Microsoft\WindowsApps;C:\Users\RK\AppData\Local\Programs\Microsoft VS Code\bin;C:\Program Files\MongoDB\Server\6.0\bin;C:\Users\RK\AppData\Local\Programs\mongosh\;C:\Users\RK\AppData\Roaming\npm;C:\Program Files\ffmpeg-2025-07-31-git-119d127d05-essentials_build\bin;C:\Program Files\flutter\bin;C:\Users\RK\AppData\Local\Programs\cursor\resources\app\bin
USERNAME=RK
OS=Windows_NT
PROCESSOR_IDENTIFIER=Intel64 Family 6 Model 165 Stepping 2, GenuineIntel
TMP=C:\Users\RK\AppData\Local\Temp
TEMP=C:\Users\RK\AppData\Local\Temp




Periodic native trim disabled

---------------  S Y S T E M  ---------------

OS:
 Windows 11 , 64 bit Build 26100 (10.0.26100.8521)
OS uptime: 5 days 4:53 hours

CPU: total 8 (initial active 8) (4 cores per cpu, 2 threads per core) family 6 model 165 stepping 2 microcode 0xe0, cx8, cmov, fxsr, ht, mmx, 3dnowpref, sse, sse2, sse3, ssse3, sse4.1, sse4.2, popcnt, lzcnt, tsc, tscinvbit, avx, avx2, aes, erms, clmul, bmi1, bmi2, adx, fma, vzeroupper, clflush, clflushopt, rdtscp, f16c, pku
Processor Information for the first 8 processors :
  Max Mhz: 2496, Current Mhz: 2496, Mhz Limit: 2496

Memory: 4k page, system-wide physical 16221M (2135M free)
TotalPageFile size 41111M (AvailPageFile size 5M)
current process WorkingSet (physical memory assigned to process): 91M, peak: 91M
current process commit charge ("private bytes"): 241M, peak: 242M

vm_info: OpenJDK 64-Bit Server VM (21.0.10+7-LTS) for windows-amd64 JRE (21.0.10+7-LTS), built on 2026-01-20T00:00:00Z by "admin" with MS VC++ 17.12 (VS2022)

END.
